<?xml version="1.0" encoding="UTF-8"?>
<!-- Generated by org.testng.reporters.JUnitReportReporter -->
<testsuite hostname="Shane-PC" name="TestingMVC.ResultSetBuilderTest" tests="7" failures="0" timestamp="18 Jul 2014 20:04:30 GMT" time="3.018" errors="0">
  <testcase name="buildPreferences" time="0.005" classname="TestingMVC.ResultSetBuilderTest"/>
  <testcase name="buildID" time="0.002" classname="TestingMVC.ResultSetBuilderTest"/>
  <testcase name="buildTopLeaders" time="1.514" classname="TestingMVC.ResultSetBuilderTest"/>
  <testcase name="buildMetricScores" time="0.016" classname="TestingMVC.ResultSetBuilderTest"/>
  <testcase name="buildShowLeaderCount" time="0.003" classname="TestingMVC.ResultSetBuilderTest"/>
  <testcase name="buildEmployee" time="1.473" classname="TestingMVC.ResultSetBuilderTest"/>
  <testcase name="buildMetrics" time="0.005" classname="TestingMVC.ResultSetBuilderTest"/>
</testsuite> <!-- TestingMVC.ResultSetBuilderTest -->
