<?xml version="1.0" encoding="UTF-8"?>
<!-- Generated by org.testng.reporters.JUnitReportReporter -->
<testsuite hostname="Shane-PC" name="Metrics.NewTest2" tests="1" failures="0" timestamp="18 Jun 2014 17:33:22 GMT" time="0.002" errors="0">
  <testcase name="f" time="0.002" classname="Metrics.NewTest2"/>
</testsuite> <!-- Metrics.NewTest2 -->
