<?xml version="1.0" encoding="UTF-8"?>
<!-- Generated by org.testng.reporters.JUnitReportReporter -->
<testsuite hostname="Shane-PC" name="Metrics.UserTest" tests="2" failures="0" timestamp="1 Jul 2014 19:19:40 GMT" time="0.018" errors="0">
  <testcase name="getPassword" time="0.016" classname="Metrics.UserTest"/>
  <testcase name="getUsername" time="0.002" classname="Metrics.UserTest"/>
</testsuite> <!-- Metrics.UserTest -->
