<?xml version="1.0" encoding="UTF-8"?>
<!-- Generated by org.testng.reporters.JUnitReportReporter -->
<testsuite hostname="Shane-PC" name="TestingMVC.ResultSetBuilderTest" tests="8" failures="0" timestamp="16 Jul 2014 20:32:32 GMT" time="2.151" errors="0">
  <testcase name="buildID" time="0.001" classname="TestingMVC.ResultSetBuilderTest"/>
  <testcase name="buildMetric" time="0.005" classname="TestingMVC.ResultSetBuilderTest"/>
  <testcase name="buildTopLeaders" time="1.055" classname="TestingMVC.ResultSetBuilderTest"/>
  <testcase name="buildMetrics" time="0.002" classname="TestingMVC.ResultSetBuilderTest"/>
  <testcase name="buildPreferences" time="0.004" classname="TestingMVC.ResultSetBuilderTest"/>
  <testcase name="buildShowLeaderCount" time="0.001" classname="TestingMVC.ResultSetBuilderTest"/>
  <testcase name="buildEmployee" time="1.057" classname="TestingMVC.ResultSetBuilderTest"/>
  <testcase name="buildMetricScores" time="0.026" classname="TestingMVC.ResultSetBuilderTest"/>
</testsuite> <!-- TestingMVC.ResultSetBuilderTest -->
