<?xml version="1.0" encoding="UTF-8"?>
<!-- Generated by org.testng.reporters.JUnitReportReporter -->
<testsuite hostname="Shane-PC" name="TestingMVC.ModelTest" tests="1" failures="0" timestamp="18 Jul 2014 20:11:27 GMT" time="8.181" errors="0">
  <testcase name="getTopLeaders" time="8.181" classname="TestingMVC.ModelTest"/>
</testsuite> <!-- TestingMVC.ModelTest -->
